C:\Program Files (x86)\Microsoft Visual Studio\2017\Community\Common7\IDE\VC\VCTargets\Microsoft.Cpp.props(31,3): warning MSB4011: "C:\Program Files (x86)\Microsoft Visual Studio\2017\Community\Common7\IDE\VC\VCTargets\Microsoft.Makefile.props" cannot be imported again. It was already imported at "C:\Program Files (x86)\MSBuild\Microsoft.Cpp\v4.0\V140\Microsoft.cpp.props (31,3)". This is most likely a build authoring error. This subsequent import will be ignored. [C:\Users\fuzzyblackpanda\Documents\Unreal Projects\Thrill Ride Spill\AI Projects\Shooting AI\Intermediate\ProjectFiles\BuildPatchTool.vcxproj]
C:\Program Files (x86)\Microsoft Visual Studio\2017\Community\Common7\IDE\VC\VCTargets\Microsoft.Cpp.props(31,3): warning MSB4011: "C:\Program Files (x86)\Microsoft Visual Studio\2017\Community\Common7\IDE\VC\VCTargets\Microsoft.Makefile.props" cannot be imported again. It was already imported at "C:\Program Files (x86)\MSBuild\Microsoft.Cpp\v4.0\V140\Microsoft.cpp.props (31,3)". This is most likely a build authoring error. This subsequent import will be ignored. [C:\Users\fuzzyblackpanda\Documents\Unreal Projects\Thrill Ride Spill\AI Projects\Shooting AI\Intermediate\ProjectFiles\CrashReportClient.vcxproj]
C:\Program Files (x86)\Microsoft Visual Studio\2017\Community\Common7\IDE\VC\VCTargets\Microsoft.Cpp.props(31,3): warning MSB4011: "C:\Program Files (x86)\Microsoft Visual Studio\2017\Community\Common7\IDE\VC\VCTargets\Microsoft.Makefile.props" cannot be imported again. It was already imported at "C:\Program Files (x86)\MSBuild\Microsoft.Cpp\v4.0\V140\Microsoft.cpp.props (31,3)". This is most likely a build authoring error. This subsequent import will be ignored. [C:\Users\fuzzyblackpanda\Documents\Unreal Projects\Thrill Ride Spill\AI Projects\Shooting AI\Intermediate\ProjectFiles\MinidumpDiagnostics.vcxproj]
C:\Program Files (x86)\Microsoft Visual Studio\2017\Community\Common7\IDE\VC\VCTargets\Microsoft.Cpp.props(31,3): warning MSB4011: "C:\Program Files (x86)\Microsoft Visual Studio\2017\Community\Common7\IDE\VC\VCTargets\Microsoft.Makefile.props" cannot be imported again. It was already imported at "C:\Program Files (x86)\MSBuild\Microsoft.Cpp\v4.0\V140\Microsoft.cpp.props (31,3)". This is most likely a build authoring error. This subsequent import will be ignored. [C:\Users\fuzzyblackpanda\Documents\Unreal Projects\Thrill Ride Spill\AI Projects\Shooting AI\Intermediate\ProjectFiles\SlateViewer.vcxproj]
C:\Program Files (x86)\Microsoft Visual Studio\2017\Community\Common7\IDE\VC\VCTargets\Microsoft.Cpp.props(31,3): warning MSB4011: "C:\Program Files (x86)\Microsoft Visual Studio\2017\Community\Common7\IDE\VC\VCTargets\Microsoft.Makefile.props" cannot be imported again. It was already imported at "C:\Program Files (x86)\MSBuild\Microsoft.Cpp\v4.0\V140\Microsoft.cpp.props (31,3)". This is most likely a build authoring error. This subsequent import will be ignored. [C:\Users\fuzzyblackpanda\Documents\Unreal Projects\Thrill Ride Spill\AI Projects\Shooting AI\Intermediate\ProjectFiles\RPMSF.vcxproj]
C:\Program Files (x86)\Microsoft Visual Studio\2017\Community\Common7\IDE\VC\VCTargets\Microsoft.Cpp.props(31,3): warning MSB4011: "C:\Program Files (x86)\Microsoft Visual Studio\2017\Community\Common7\IDE\VC\VCTargets\Microsoft.Makefile.props" cannot be imported again. It was already imported at "C:\Program Files (x86)\MSBuild\Microsoft.Cpp\v4.0\V140\Microsoft.cpp.props (31,3)". This is most likely a build authoring error. This subsequent import will be ignored. [C:\Users\fuzzyblackpanda\Documents\Unreal Projects\Thrill Ride Spill\AI Projects\Shooting AI\Intermediate\ProjectFiles\UE4.vcxproj]
  Creating makefile for BuildPatchTool (no existing makefile)
  Performing full C++ include scan (no include cache file)
  Building UnrealHeaderTool...
  Target is up to date
  Total build time: 0.18 seconds (NoActionsToExecute executor: 0.00 seconds)
  Parsing headers for BuildPatchTool
    Running UnrealHeaderTool BuildPatchTool "C:\UnrealEngine-4.19.2-release\UnrealEngine-4.19.2-release\Engine\Intermediate\Build\Win64\BuildPatchTool\Development\BuildPatchTool.uhtmanifest" -LogCmds="loginit warning, logexit warning, logdatabase error" -Unattended -WarningsAsErrors -NoEnginePlugins
  Reflection code generated for BuildPatchTool in 2.710025 seconds
  Distributing 70 actions to XGE
  --------------------Build System Warning---------------------------------------
  License is invalid:
      License information is invalid. Please try reloading your license file using the Coordinator Monitor application on the Coordinator machine, or reinstall IncrediBuild.
      This build will run in standalone mode.
  
  -------------------------------------------------------------------------------
  --------------------Project: Default-------------------------------------------
  SharedPCH.CoreUObject.cpp (0:02.73 at +0:00)
  SharedPCH.Core.cpp (0:03.14 at +0:02)
  PCH.Core.cpp (0:05.40 at +0:05)
  PCH.CoreUObject.cpp (0:05.20 at +0:11)
  SharedPCH.Slate.cpp (0:10.87 at +0:16)
  SharedPCH.Slate.NonOptimized.cpp (0:10.70 at +0:27)
  PCH.ImageWrapper.cpp (0:01.50 at +0:38)
  Module.AutomationMessages.gen.cpp (0:01.15 at +0:39)
  Module.JsonUtilities.gen.cpp (0:00.79 at +0:41)
  Module.AutomationWorker.cpp (0:01.29 at +0:41)
  Module.SlateCore.cpp (0:15.39 at +0:43)
  Module.AssetRegistry.cpp (0:05.86 at +0:59)
  Module.AssetRegistry.gen.cpp (0:02.29 at +1:05)
  Module.UnrealEdMessages.cpp (0:00.25 at +1:07)
  Module.UnrealEdMessages.gen.cpp (0:00.60 at +1:07)
  Module.InputCore.cpp (0:02.57 at +1:08)
  Module.AutomationMessages.cpp (0:00.21 at +1:10)
  Module.InputCore.gen.cpp (0:00.62 at +1:11)
  Module.JsonUtilities.cpp (0:02.18 at +1:11)
  Module.ImageWrapper.cpp (0:01.54 at +1:14)
  Module.Messaging.cpp (0:01.78 at +1:15)
  Module.Slate.1_of_5.cpp (0:09.54 at +1:17)
  Module.Slate.2_of_5.cpp (0:13.90 at +1:27)
  Module.Slate.3_of_5.cpp (0:12.76 at +1:41)
  Module.Slate.4_of_5.cpp (0:09.01 at +1:53)
  Module.Slate.5_of_5.cpp (0:04.57 at +2:02)
  Module.Slate.gen.cpp (0:01.46 at +2:07)
  Module.DesktopPlatform.cpp (0:04.78 at +2:09)
  Module.EditorStyle.cpp (0:03.54 at +2:13)
  Module.EditorStyle.gen.cpp (0:00.26 at +2:17)
  Module.MessageLog.cpp (0:06.03 at +2:17)
  Module.ScreenShotComparisonTools.cpp (0:02.87 at +2:23)
  Module.ScreenShotComparisonTools.gen.cpp (0:00.45 at +2:27)
  Module.AutomationController.cpp (0:03.21 at +2:27)
  Module.SlateCore.gen.cpp (0:01.90 at +2:31)
  Module.StreamingFile.cpp (0:00.51 at +2:33)
  Module.DerivedDataCache.cpp (0:01.89 at +2:33)
  Module.AutomationController.gen.cpp (0:01.01 at +2:35)
  Module.BuildPatchTool.cpp (0:02.25 at +2:36)
  Module.Core.1_of_9.cpp (0:07.31 at +2:39)
  Module.Core.2_of_9.cpp (0:03.67 at +2:46)
  Module.Core.3_of_9.cpp (0:07.81 at +2:50)
  Module.Core.4_of_9.cpp (0:02.46 at +2:57)
  Module.Core.5_of_9.cpp (0:05.40 at +3:00)
  Module.Core.6_of_9.cpp (0:04.42 at +3:05)
  Module.Core.7_of_9.cpp (0:05.23 at +3:10)
  Module.Core.8_of_9.cpp (0:07.31 at +3:15)
  Module.Core.9_of_9.cpp (0:01.78 at +3:22)
  Module.ApplicationCore.cpp (0:02.40 at +3:24)
  Module.Analytics.cpp (0:00.28 at +3:27)
  Module.SandboxFile.cpp (0:00.45 at +3:27)
  Module.NetworkFile.cpp (0:00.90 at +3:27)
  Module.Sockets.cpp (0:01.00 at +3:28)
  Module.HTTP.cpp (0:01.82 at +3:29)
  Module.PakFile.cpp (0:01.54 at +3:31)
  Module.BuildPatchServices.gen.cpp (0:00.84 at +3:33)
  Module.BuildPatchServices.cpp (0:23.56 at +3:34)
  Module.CoreUObject.gen.cpp (0:00.34 at +3:57)
  Module.CoreUObject.6_of_6.cpp (0:05.32 at +3:58)
  Module.SSL.cpp (0:00.57 at +4:03)
  Module.CoreUObject.5_of_6.cpp (0:14.51 at +4:04)
  Module.CoreUObject.3_of_6.cpp (0:09.20 at +4:18)
  Module.CoreUObject.2_of_6.cpp (0:12.09 at +4:27)
  Module.CoreUObject.1_of_6.cpp (0:07.54 at +4:40)
  Module.Projects.cpp (0:02.50 at +4:47)
  Module.AnalyticsET.cpp (0:01.21 at +4:50)
  Module.Json.cpp (0:06.90 at +4:51)
  Module.CoreUObject.4_of_6.cpp (0:06.36 at +4:58)
  Resource.rc (0:00.12 at +5:04)
  BuildPatchTool-Win64-Development.exe (0:04.53 at +5:04)
     Creating library C:\UnrealEngine-4.19.2-release\UnrealEngine-4.19.2-release\Engine\Binaries\Win64\BuildPatchTool-Win64-Development.lib and object C:\UnrealEngine-4.19.2-release\UnrealEngine-4.19.2-release\Engine\Binaries\Win64\BuildPatchTool-Win64-Development.exp
  ---------------------- Done ----------------------
   
      Rebuild All: 1 succeeded, 0 failed, 0 skipped
   
  1 build system warning(s):
     - License is invalid
   
  
  
  Deploying BuildPatchTool Win64 Development...
  Total build time: 318.85 seconds (XGE executor: 309.45 seconds)
