C:\Program Files (x86)\Microsoft Visual Studio\2017\Community\Common7\IDE\VC\VCTargets\Microsoft.Cpp.props(31,3): warning MSB4011: "C:\Program Files (x86)\Microsoft Visual Studio\2017\Community\Common7\IDE\VC\VCTargets\Microsoft.Makefile.props" cannot be imported again. It was already imported at "C:\Program Files (x86)\MSBuild\Microsoft.Cpp\v4.0\V140\Microsoft.cpp.props (31,3)". This is most likely a build authoring error. This subsequent import will be ignored. [C:\Users\fuzzyblackpanda\Documents\Unreal Projects\Thrill Ride Spill\AI Projects\Shooting AI\Intermediate\ProjectFiles\SlateViewer.vcxproj]
C:\Program Files (x86)\Microsoft Visual Studio\2017\Community\Common7\IDE\VC\VCTargets\Microsoft.Cpp.props(31,3): warning MSB4011: "C:\Program Files (x86)\Microsoft Visual Studio\2017\Community\Common7\IDE\VC\VCTargets\Microsoft.Makefile.props" cannot be imported again. It was already imported at "C:\Program Files (x86)\MSBuild\Microsoft.Cpp\v4.0\V140\Microsoft.cpp.props (31,3)". This is most likely a build authoring error. This subsequent import will be ignored. [C:\Users\fuzzyblackpanda\Documents\Unreal Projects\Thrill Ride Spill\AI Projects\Shooting AI\Intermediate\ProjectFiles\RPMSF.vcxproj]
C:\Program Files (x86)\Microsoft Visual Studio\2017\Community\Common7\IDE\VC\VCTargets\Microsoft.Cpp.props(31,3): warning MSB4011: "C:\Program Files (x86)\Microsoft Visual Studio\2017\Community\Common7\IDE\VC\VCTargets\Microsoft.Makefile.props" cannot be imported again. It was already imported at "C:\Program Files (x86)\MSBuild\Microsoft.Cpp\v4.0\V140\Microsoft.cpp.props (31,3)". This is most likely a build authoring error. This subsequent import will be ignored. [C:\Users\fuzzyblackpanda\Documents\Unreal Projects\Thrill Ride Spill\AI Projects\Shooting AI\Intermediate\ProjectFiles\UE4.vcxproj]
  Creating makefile for SlateViewer (no existing makefile)
  Performing full C++ include scan (no include cache file)
  Building UnrealHeaderTool...
  Target is up to date
  Total build time: 0.18 seconds (NoActionsToExecute executor: 0.00 seconds)
  Parsing headers for SlateViewer
    Running UnrealHeaderTool SlateViewer "C:\UnrealEngine-4.19.2-release\UnrealEngine-4.19.2-release\Engine\Intermediate\Build\Win64\SlateViewer\Development\SlateViewer.uhtmanifest" -LogCmds="loginit warning, logexit warning, logdatabase error" -Unattended -WarningsAsErrors -NoEnginePlugins
  Reflection code generated for SlateViewer in 1.8173093 seconds
  Distributing 60 actions to XGE
  --------------------Build System Warning---------------------------------------
  License is invalid:
      License information is invalid. Please try reloading your license file using the Coordinator Monitor application on the Coordinator machine, or reinstall IncrediBuild.
      This build will run in standalone mode.
  
  -------------------------------------------------------------------------------
  --------------------Project: Default-------------------------------------------
  SharedPCH.CoreUObject.cpp (0:13.28 at +0:00)
  PCH.Core.cpp (0:01.70 at +0:13)
  SharedPCH.Slate.cpp (0:14.12 at +0:15)
  PCH.CoreUObject.cpp (0:09.01 at +0:29)
  SharedPCH.Core.cpp (0:03.03 at +0:38)
  SharedPCH.Slate.NonOptimized.cpp (0:10.46 at +0:41)
  PCH.ImageWrapper.cpp (0:00.68 at +0:51)
  Module.Slate.2_of_5.cpp (0:13.18 at +0:52)
  Module.Slate.3_of_5.cpp (0:11.51 at +1:05)
  Module.Slate.5_of_5.cpp (0:04.59 at +1:17)
  Module.Slate.gen.cpp (0:01.46 at +1:21)
  Module.DesktopPlatform.cpp (0:04.73 at +1:23)
  Module.ImageWrapper.cpp (0:01.54 at +1:28)
  Module.AssetRegistry.cpp (0:06.00 at +1:29)
  Module.AssetRegistry.gen.cpp (0:01.40 at +1:35)
  Module.Slate.1_of_5.cpp (0:10.11 at +1:37)
  Module.Slate.4_of_5.cpp (0:09.06 at +1:47)
  Module.SlateReflector.cpp (0:13.56 at +1:56)
  Module.SlateReflector.gen.cpp (0:00.37 at +2:10)
  Module.AppFramework.cpp (0:36.95 at +2:10)
  Module.StandaloneRenderer.cpp (0:03.26 at +2:47)
  Module.Settings.cpp (0:00.67 at +2:50)
  Module.SourceCodeAccess.cpp (0:00.45 at +2:51)
  Module.SourceCodeAccess.gen.cpp (0:00.28 at +2:51)
  Module.RHI.cpp (0:02.87 at +2:52)
  Module.Serialization.cpp (0:02.26 at +2:55)
  Module.Serialization.gen.cpp (0:01.15 at +2:57)
  Module.CEF3Utils.cpp (0:00.23 at +2:58)
  Module.WebBrowser.cpp (0:08.21 at +2:58)
  Module.WebBrowser.gen.cpp (0:00.56 at +3:07)
  Module.Messaging.cpp (0:02.14 at +3:07)
  Module.SlateCore.gen.cpp (0:03.34 at +3:09)
  Module.InputCore.cpp (0:03.25 at +3:13)
  Module.InputCore.gen.cpp (0:00.61 at +3:16)
  Module.SlateViewer.cpp (0:02.18 at +3:17)
  Module.EditorStyle.cpp (0:03.70 at +3:19)
  Module.EditorStyle.gen.cpp (0:00.28 at +3:23)
  Module.Core.1_of_9.cpp (0:07.59 at +3:23)
  Module.Core.2_of_9.cpp (0:04.59 at +3:30)
  Module.Core.3_of_9.cpp (0:08.39 at +3:35)
  Module.Core.4_of_9.cpp (0:02.64 at +3:44)
  Module.Core.5_of_9.cpp (0:05.45 at +3:46)
  Module.Core.6_of_9.cpp (0:04.61 at +3:52)
  Module.Core.7_of_9.cpp (0:05.75 at +3:56)
  Module.SlateCore.cpp (0:24.73 at +4:02)
  Module.Core.8_of_9.cpp (0:09.75 at +4:27)
  Module.Json.cpp (0:09.81 at +4:37)
  Module.Projects.cpp (0:02.79 at +4:46)
  Module.ApplicationCore.cpp (0:02.68 at +4:49)
  Module.CoreUObject.1_of_6.cpp (0:08.03 at +4:52)
  Module.CoreUObject.2_of_6.cpp (0:12.75 at +5:00)
  Module.CoreUObject.3_of_6.cpp (0:11.29 at +5:13)
  Module.CoreUObject.4_of_6.cpp (0:07.65 at +5:24)
  Module.CoreUObject.5_of_6.cpp (0:24.96 at +5:32)
  Module.CoreUObject.6_of_6.cpp (0:12.09 at +5:57)
  Module.CoreUObject.gen.cpp (0:00.70 at +6:09)
  Module.VisualStudioSourceCodeAccess.cpp (0:04.93 at +6:10)
  Module.Core.9_of_9.cpp (0:01.78 at +6:16)
  PCLaunch.rc (0:00.60 at +6:17)
  SlateViewer.exe (0:11.64 at +6:18)
     Creating library C:\UnrealEngine-4.19.2-release\UnrealEngine-4.19.2-release\Engine\Binaries\Win64\SlateViewer.lib and object C:\UnrealEngine-4.19.2-release\UnrealEngine-4.19.2-release\Engine\Binaries\Win64\SlateViewer.exp
  ---------------------- Done ----------------------
   
      Rebuild All: 1 succeeded, 0 failed, 0 skipped
   
  1 build system warning(s):
     - License is invalid
   
  
  
  Deploying SlateViewer Win64 Development...
  Total build time: 400.94 seconds (XGE executor: 391.54 seconds)
