C:\Program Files (x86)\Microsoft Visual Studio\2017\Community\Common7\IDE\VC\VCTargets\Microsoft.Cpp.props(31,3): warning MSB4011: "C:\Program Files (x86)\Microsoft Visual Studio\2017\Community\Common7\IDE\VC\VCTargets\Microsoft.Makefile.props" cannot be imported again. It was already imported at "C:\Program Files (x86)\MSBuild\Microsoft.Cpp\v4.0\V140\Microsoft.cpp.props (31,3)". This is most likely a build authoring error. This subsequent import will be ignored. [C:\Users\fuzzyblackpanda\Documents\Unreal Projects\Thrill Ride Spill\AI Projects\Shooting AI\Intermediate\ProjectFiles\UnrealHeaderTool.vcxproj]
C:\Program Files (x86)\Microsoft Visual Studio\2017\Community\Common7\IDE\VC\VCTargets\Microsoft.Cpp.props(31,3): warning MSB4011: "C:\Program Files (x86)\Microsoft Visual Studio\2017\Community\Common7\IDE\VC\VCTargets\Microsoft.Makefile.props" cannot be imported again. It was already imported at "C:\Program Files (x86)\MSBuild\Microsoft.Cpp\v4.0\V140\Microsoft.cpp.props (31,3)". This is most likely a build authoring error. This subsequent import will be ignored. [C:\Users\fuzzyblackpanda\Documents\Unreal Projects\Thrill Ride Spill\AI Projects\Shooting AI\Intermediate\ProjectFiles\UnrealLightmass.vcxproj]
C:\Program Files (x86)\Microsoft Visual Studio\2017\Community\Common7\IDE\VC\VCTargets\Microsoft.Cpp.props(31,3): warning MSB4011: "C:\Program Files (x86)\Microsoft Visual Studio\2017\Community\Common7\IDE\VC\VCTargets\Microsoft.Makefile.props" cannot be imported again. It was already imported at "C:\Program Files (x86)\MSBuild\Microsoft.Cpp\v4.0\V140\Microsoft.cpp.props (31,3)". This is most likely a build authoring error. This subsequent import will be ignored. [C:\Users\fuzzyblackpanda\Documents\Unreal Projects\Thrill Ride Spill\AI Projects\Shooting AI\Intermediate\ProjectFiles\UnrealPak.vcxproj]
C:\Program Files (x86)\Microsoft Visual Studio\2017\Community\Common7\IDE\VC\VCTargets\Microsoft.Cpp.props(31,3): warning MSB4011: "C:\Program Files (x86)\Microsoft Visual Studio\2017\Community\Common7\IDE\VC\VCTargets\Microsoft.Makefile.props" cannot be imported again. It was already imported at "C:\Program Files (x86)\MSBuild\Microsoft.Cpp\v4.0\V140\Microsoft.cpp.props (31,3)". This is most likely a build authoring error. This subsequent import will be ignored. [C:\Users\fuzzyblackpanda\Documents\Unreal Projects\Thrill Ride Spill\AI Projects\Shooting AI\Intermediate\ProjectFiles\UnrealVersionSelector.vcxproj]
C:\Program Files (x86)\Microsoft Visual Studio\2017\Community\Common7\IDE\VC\VCTargets\Microsoft.Cpp.props(31,3): warning MSB4011: "C:\Program Files (x86)\Microsoft Visual Studio\2017\Community\Common7\IDE\VC\VCTargets\Microsoft.Makefile.props" cannot be imported again. It was already imported at "C:\Program Files (x86)\MSBuild\Microsoft.Cpp\v4.0\V140\Microsoft.cpp.props (31,3)". This is most likely a build authoring error. This subsequent import will be ignored. [C:\Users\fuzzyblackpanda\Documents\Unreal Projects\Thrill Ride Spill\AI Projects\Shooting AI\Intermediate\ProjectFiles\UnrealFileServer.vcxproj]
C:\Program Files (x86)\Microsoft Visual Studio\2017\Community\Common7\IDE\VC\VCTargets\Microsoft.Cpp.props(31,3): warning MSB4011: "C:\Program Files (x86)\Microsoft Visual Studio\2017\Community\Common7\IDE\VC\VCTargets\Microsoft.Makefile.props" cannot be imported again. It was already imported at "C:\Program Files (x86)\MSBuild\Microsoft.Cpp\v4.0\V140\Microsoft.cpp.props (31,3)". This is most likely a build authoring error. This subsequent import will be ignored. [C:\Users\fuzzyblackpanda\Documents\Unreal Projects\Thrill Ride Spill\AI Projects\Shooting AI\Intermediate\ProjectFiles\UnrealWatchdog.vcxproj]
C:\Program Files (x86)\Microsoft Visual Studio\2017\Community\Common7\IDE\VC\VCTargets\Microsoft.Cpp.props(31,3): warning MSB4011: "C:\Program Files (x86)\Microsoft Visual Studio\2017\Community\Common7\IDE\VC\VCTargets\Microsoft.Makefile.props" cannot be imported again. It was already imported at "C:\Program Files (x86)\MSBuild\Microsoft.Cpp\v4.0\V140\Microsoft.cpp.props (31,3)". This is most likely a build authoring error. This subsequent import will be ignored. [C:\Users\fuzzyblackpanda\Documents\Unreal Projects\Thrill Ride Spill\AI Projects\Shooting AI\Intermediate\ProjectFiles\BootstrapPackagedGame.vcxproj]
C:\Program Files (x86)\Microsoft Visual Studio\2017\Community\Common7\IDE\VC\VCTargets\Microsoft.Cpp.props(31,3): warning MSB4011: "C:\Program Files (x86)\Microsoft Visual Studio\2017\Community\Common7\IDE\VC\VCTargets\Microsoft.Makefile.props" cannot be imported again. It was already imported at "C:\Program Files (x86)\MSBuild\Microsoft.Cpp\v4.0\V140\Microsoft.cpp.props (31,3)". This is most likely a build authoring error. This subsequent import will be ignored. [C:\Users\fuzzyblackpanda\Documents\Unreal Projects\Thrill Ride Spill\AI Projects\Shooting AI\Intermediate\ProjectFiles\BlankProgram.vcxproj]
C:\Program Files (x86)\Microsoft Visual Studio\2017\Community\Common7\IDE\VC\VCTargets\Microsoft.Cpp.props(31,3): warning MSB4011: "C:\Program Files (x86)\Microsoft Visual Studio\2017\Community\Common7\IDE\VC\VCTargets\Microsoft.Makefile.props" cannot be imported again. It was already imported at "C:\Program Files (x86)\MSBuild\Microsoft.Cpp\v4.0\V140\Microsoft.cpp.props (31,3)". This is most likely a build authoring error. This subsequent import will be ignored. [C:\Users\fuzzyblackpanda\Documents\Unreal Projects\Thrill Ride Spill\AI Projects\Shooting AI\Intermediate\ProjectFiles\BuildPatchTool.vcxproj]
C:\Program Files (x86)\Microsoft Visual Studio\2017\Community\Common7\IDE\VC\VCTargets\Microsoft.Cpp.props(31,3): warning MSB4011: "C:\Program Files (x86)\Microsoft Visual Studio\2017\Community\Common7\IDE\VC\VCTargets\Microsoft.Makefile.props" cannot be imported again. It was already imported at "C:\Program Files (x86)\MSBuild\Microsoft.Cpp\v4.0\V140\Microsoft.cpp.props (31,3)". This is most likely a build authoring error. This subsequent import will be ignored. [C:\Users\fuzzyblackpanda\Documents\Unreal Projects\Thrill Ride Spill\AI Projects\Shooting AI\Intermediate\ProjectFiles\CrashReportClient.vcxproj]
C:\Program Files (x86)\Microsoft Visual Studio\2017\Community\Common7\IDE\VC\VCTargets\Microsoft.Cpp.props(31,3): warning MSB4011: "C:\Program Files (x86)\Microsoft Visual Studio\2017\Community\Common7\IDE\VC\VCTargets\Microsoft.Makefile.props" cannot be imported again. It was already imported at "C:\Program Files (x86)\MSBuild\Microsoft.Cpp\v4.0\V140\Microsoft.cpp.props (31,3)". This is most likely a build authoring error. This subsequent import will be ignored. [C:\Users\fuzzyblackpanda\Documents\Unreal Projects\Thrill Ride Spill\AI Projects\Shooting AI\Intermediate\ProjectFiles\MinidumpDiagnostics.vcxproj]
C:\Program Files (x86)\Microsoft Visual Studio\2017\Community\Common7\IDE\VC\VCTargets\Microsoft.Cpp.props(31,3): warning MSB4011: "C:\Program Files (x86)\Microsoft Visual Studio\2017\Community\Common7\IDE\VC\VCTargets\Microsoft.Makefile.props" cannot be imported again. It was already imported at "C:\Program Files (x86)\MSBuild\Microsoft.Cpp\v4.0\V140\Microsoft.cpp.props (31,3)". This is most likely a build authoring error. This subsequent import will be ignored. [C:\Users\fuzzyblackpanda\Documents\Unreal Projects\Thrill Ride Spill\AI Projects\Shooting AI\Intermediate\ProjectFiles\SlateViewer.vcxproj]
  Creating makefile for UnrealLightmass (no existing makefile)
C:\Program Files (x86)\Microsoft Visual Studio\2017\Community\Common7\IDE\VC\VCTargets\Microsoft.Cpp.props(31,3): warning MSB4011: "C:\Program Files (x86)\Microsoft Visual Studio\2017\Community\Common7\IDE\VC\VCTargets\Microsoft.Makefile.props" cannot be imported again. It was already imported at "C:\Program Files (x86)\MSBuild\Microsoft.Cpp\v4.0\V140\Microsoft.cpp.props (31,3)". This is most likely a build authoring error. This subsequent import will be ignored. [C:\Users\fuzzyblackpanda\Documents\Unreal Projects\Thrill Ride Spill\AI Projects\Shooting AI\Intermediate\ProjectFiles\RPMSF.vcxproj]
  Performing full C++ include scan (no include cache file)
C:\Program Files (x86)\Microsoft Visual Studio\2017\Community\Common7\IDE\VC\VCTargets\Microsoft.Cpp.props(31,3): warning MSB4011: "C:\Program Files (x86)\Microsoft Visual Studio\2017\Community\Common7\IDE\VC\VCTargets\Microsoft.Makefile.props" cannot be imported again. It was already imported at "C:\Program Files (x86)\MSBuild\Microsoft.Cpp\v4.0\V140\Microsoft.cpp.props (31,3)". This is most likely a build authoring error. This subsequent import will be ignored. [C:\Users\fuzzyblackpanda\Documents\Unreal Projects\Thrill Ride Spill\AI Projects\Shooting AI\Intermediate\ProjectFiles\UE4.vcxproj]
  Building UnrealHeaderTool...
  Target is up to date
  Total build time: 0.18 seconds (NoActionsToExecute executor: 0.00 seconds)
  Parsing headers for UnrealLightmass
    Running UnrealHeaderTool UnrealLightmass "C:\UnrealEngine-4.19.2-release\UnrealEngine-4.19.2-release\Engine\Intermediate\Build\Win64\UnrealLightmass\Development\UnrealLightmass.uhtmanifest" -LogCmds="loginit warning, logexit warning, logdatabase error" -Unattended -WarningsAsErrors -NoEnginePlugins
  Reflection code generated for UnrealLightmass in 1.1114498 seconds
  Distributing 65 actions to XGE
  --------------------Build System Warning---------------------------------------
  License is invalid:
      License information is invalid. Please try reloading your license file using the Coordinator Monitor application on the Coordinator machine, or reinstall IncrediBuild.
      This build will run in standalone mode.
  
  -------------------------------------------------------------------------------
  --------------------Project: Default-------------------------------------------
  PCH.Core.cpp (0:04.01 at +0:00)
  SharedPCH.Core.cpp (0:04.07 at +0:04)
  SharedPCH.CoreUObject.cpp (0:02.51 at +0:08)
  PCH.CoreUObject.cpp (0:05.67 at +0:10)
  ModuleVersionResource.rc.inl (0:00.12 at +0:16)
  PCLaunch.rc (0:00.17 at +0:16)
  Module.Core.2_of_9.cpp (0:04.25 at +0:16)
  Module.Core.8_of_9.cpp (0:07.14 at +0:20)
  Module.Core.7_of_9.cpp (0:05.23 at +0:28)
  Module.Core.6_of_9.cpp (0:04.70 at +0:33)
  Module.Core.5_of_9.cpp (0:05.64 at +0:38)
  Module.Core.4_of_9.cpp (0:02.76 at +0:43)
  Module.Core.3_of_9.cpp (0:13.79 at +0:46)
  Module.Core.9_of_9.cpp (0:01.93 at +1:00)
  Module.Core.1_of_9.cpp (0:07.81 at +1:02)
  UnrealLightmass-Core.lib (0:00.29 at +1:10)
     Creating library C:\UnrealEngine-4.19.2-release\UnrealEngine-4.19.2-release\Engine\Intermediate\Build\Win64\UnrealLightmass\Development\UnrealLightmass-Core.lib and object C:\UnrealEngine-4.19.2-release\UnrealEngine-4.19.2-release\Engine\Intermediate\Build\Win64\UnrealLightmass\Development\UnrealLightmass-Core.exp
  Module.CoreUObject.2_of_6.cpp (0:10.76 at +1:10)
  Module.CoreUObject.3_of_6.cpp (0:08.50 at +1:21)
  Module.CoreUObject.4_of_6.cpp (0:06.00 at +1:29)
  Module.CoreUObject.5_of_6.cpp (0:13.36 at +1:35)
  Module.CoreUObject.6_of_6.cpp (0:04.93 at +1:49)
  Module.CoreUObject.gen.cpp (0:00.36 at +1:54)
  Module.CoreUObject.1_of_6.cpp (0:07.04 at +1:54)
  Module.Json.cpp (0:05.51 at +2:01)
  UnrealLightmass-CoreUObject.lib (0:00.32 at +2:07)
     Creating library C:\UnrealEngine-4.19.2-release\UnrealEngine-4.19.2-release\Engine\Intermediate\Build\Win64\UnrealLightmass\Development\UnrealLightmass-CoreUObject.lib and object C:\UnrealEngine-4.19.2-release\UnrealEngine-4.19.2-release\Engine\Intermediate\Build\Win64\UnrealLightmass\Development\UnrealLightmass-CoreUObject.exp
  UnrealLightmass-Json.lib (0:00.09 at +2:07)
     Creating library C:\UnrealEngine-4.19.2-release\UnrealEngine-4.19.2-release\Engine\Intermediate\Build\Win64\UnrealLightmass\Development\UnrealLightmass-Json.lib and object C:\UnrealEngine-4.19.2-release\UnrealEngine-4.19.2-release\Engine\Intermediate\Build\Win64\UnrealLightmass\Development\UnrealLightmass-Json.exp
  Module.Projects.cpp (0:02.03 at +2:07)
  Module.Sockets.cpp (0:00.92 at +2:09)
  Module.ApplicationCore.cpp (0:03.98 at +2:10)
  Module.SwarmInterface.gen.cpp (0:00.81 at +2:14)
  Module.Serialization.gen.cpp (0:01.34 at +2:15)
  Module.Serialization.cpp (0:02.36 at +2:16)
  Module.SandboxFile.cpp (0:00.34 at +2:19)
  Module.Networking.cpp (0:00.50 at +2:19)
  Module.SwarmInterface.cpp (0:00.92 at +2:20)
  Module.Messaging.cpp (0:01.81 at +2:21)
  UnrealLightmass-Projects.lib (0:00.09 at +2:23)
     Creating library C:\UnrealEngine-4.19.2-release\UnrealEngine-4.19.2-release\Engine\Intermediate\Build\Win64\UnrealLightmass\Development\UnrealLightmass-Projects.lib and object C:\UnrealEngine-4.19.2-release\UnrealEngine-4.19.2-release\Engine\Intermediate\Build\Win64\UnrealLightmass\Development\UnrealLightmass-Projects.exp
  UnrealLightmass-Sockets.lib (0:00.09 at +2:23)
     Creating library C:\UnrealEngine-4.19.2-release\UnrealEngine-4.19.2-release\Engine\Intermediate\Build\Win64\UnrealLightmass\Development\UnrealLightmass-Sockets.lib and object C:\UnrealEngine-4.19.2-release\UnrealEngine-4.19.2-release\Engine\Intermediate\Build\Win64\UnrealLightmass\Development\UnrealLightmass-Sockets.exp
  UnrealLightmass-ApplicationCore.lib (0:00.09 at +2:23)
     Creating library C:\UnrealEngine-4.19.2-release\UnrealEngine-4.19.2-release\Engine\Intermediate\Build\Win64\UnrealLightmass\Development\UnrealLightmass-ApplicationCore.lib and object C:\UnrealEngine-4.19.2-release\UnrealEngine-4.19.2-release\Engine\Intermediate\Build\Win64\UnrealLightmass\Development\UnrealLightmass-ApplicationCore.exp
  Module.UdpMessaging.gen.cpp (0:00.62 at +2:23)
  Module.UdpMessaging.cpp (0:02.65 at +2:24)
  Module.UnrealLightmass.3_of_3.cpp (0:02.09 at +2:26)
  Module.UnrealLightmass.2_of_3.cpp (0:04.87 at +2:28)
  Module.UnrealLightmass.1_of_3.cpp (0:08.82 at +2:33)
  Resource.rc (0:00.23 at +2:42)
  UnrealLightmass-Serialization.lib (0:00.09 at +2:42)
     Creating library C:\UnrealEngine-4.19.2-release\UnrealEngine-4.19.2-release\Engine\Intermediate\Build\Win64\UnrealLightmass\Development\UnrealLightmass-Serialization.lib and object C:\UnrealEngine-4.19.2-release\UnrealEngine-4.19.2-release\Engine\Intermediate\Build\Win64\UnrealLightmass\Development\UnrealLightmass-Serialization.exp
  UnrealLightmass-SwarmInterface.lib (0:00.09 at +2:42)
     Creating library C:\UnrealEngine-4.19.2-release\UnrealEngine-4.19.2-release\Engine\Intermediate\Build\Win64\UnrealLightmass\Development\UnrealLightmass-SwarmInterface.lib and object C:\UnrealEngine-4.19.2-release\UnrealEngine-4.19.2-release\Engine\Intermediate\Build\Win64\UnrealLightmass\Development\UnrealLightmass-SwarmInterface.exp
  UnrealLightmass-Messaging.lib (0:00.09 at +2:43)
     Creating library C:\UnrealEngine-4.19.2-release\UnrealEngine-4.19.2-release\Engine\Intermediate\Build\Win64\UnrealLightmass\Development\UnrealLightmass-Messaging.lib and object C:\UnrealEngine-4.19.2-release\UnrealEngine-4.19.2-release\Engine\Intermediate\Build\Win64\UnrealLightmass\Development\UnrealLightmass-Messaging.exp
  UnrealLightmass-Networking.lib (0:00.07 at +2:43)
     Creating library C:\UnrealEngine-4.19.2-release\UnrealEngine-4.19.2-release\Engine\Intermediate\Build\Win64\UnrealLightmass\Development\UnrealLightmass-Networking.lib and object C:\UnrealEngine-4.19.2-release\UnrealEngine-4.19.2-release\Engine\Intermediate\Build\Win64\UnrealLightmass\Development\UnrealLightmass-Networking.exp
  UnrealLightmass-SandboxFile.lib (0:00.09 at +2:43)
     Creating library C:\UnrealEngine-4.19.2-release\UnrealEngine-4.19.2-release\Engine\Intermediate\Build\Win64\UnrealLightmass\Development\UnrealLightmass-SandboxFile.lib and object C:\UnrealEngine-4.19.2-release\UnrealEngine-4.19.2-release\Engine\Intermediate\Build\Win64\UnrealLightmass\Development\UnrealLightmass-SandboxFile.exp
  UnrealLightmass.exe (0:00.45 at +2:43)
  UnrealLightmass-Core.dll (0:00.81 at +2:43)
     Creating library C:\UnrealEngine-4.19.2-release\UnrealEngine-4.19.2-release\Engine\Intermediate\Build\Win64\UnrealLightmass\Development\UnrealLightmass-Core.suppressed.lib and object C:\UnrealEngine-4.19.2-release\UnrealEngine-4.19.2-release\Engine\Intermediate\Build\Win64\UnrealLightmass\Development\UnrealLightmass-Core.suppressed.exp
  UnrealLightmass-CoreUObject.dll (0:00.76 at +2:44)
     Creating library C:\UnrealEngine-4.19.2-release\UnrealEngine-4.19.2-release\Engine\Intermediate\Build\Win64\UnrealLightmass\Development\UnrealLightmass-CoreUObject.suppressed.lib and object C:\UnrealEngine-4.19.2-release\UnrealEngine-4.19.2-release\Engine\Intermediate\Build\Win64\UnrealLightmass\Development\UnrealLightmass-CoreUObject.suppressed.exp
  UnrealLightmass-UdpMessaging.dll (0:00.29 at +2:45)
     Creating library C:\UnrealEngine-4.19.2-release\UnrealEngine-4.19.2-release\Engine\Plugins\Messaging\UdpMessaging\Intermediate\Build\Win64\UnrealLightmass\Development\UnrealLightmass-UdpMessaging.suppressed.lib and object C:\UnrealEngine-4.19.2-release\UnrealEngine-4.19.2-release\Engine\Plugins\Messaging\UdpMessaging\Intermediate\Build\Win64\UnrealLightmass\Development\UnrealLightmass-UdpMessaging.suppressed.exp
  UnrealLightmass-Serialization.dll (0:00.25 at +2:45)
     Creating library C:\UnrealEngine-4.19.2-release\UnrealEngine-4.19.2-release\Engine\Intermediate\Build\Win64\UnrealLightmass\Development\UnrealLightmass-Serialization.suppressed.lib and object C:\UnrealEngine-4.19.2-release\UnrealEngine-4.19.2-release\Engine\Intermediate\Build\Win64\UnrealLightmass\Development\UnrealLightmass-Serialization.suppressed.exp
  UnrealLightmass-SwarmInterface.dll (0:00.29 at +2:46)
     Creating library C:\UnrealEngine-4.19.2-release\UnrealEngine-4.19.2-release\Engine\Intermediate\Build\Win64\UnrealLightmass\Development\UnrealLightmass-SwarmInterface.suppressed.lib and object C:\UnrealEngine-4.19.2-release\UnrealEngine-4.19.2-release\Engine\Intermediate\Build\Win64\UnrealLightmass\Development\UnrealLightmass-SwarmInterface.suppressed.exp
  UnrealLightmass-Sockets.dll (0:00.20 at +2:46)
     Creating library C:\UnrealEngine-4.19.2-release\UnrealEngine-4.19.2-release\Engine\Intermediate\Build\Win64\UnrealLightmass\Development\UnrealLightmass-Sockets.suppressed.lib and object C:\UnrealEngine-4.19.2-release\UnrealEngine-4.19.2-release\Engine\Intermediate\Build\Win64\UnrealLightmass\Development\UnrealLightmass-Sockets.suppressed.exp
  UnrealLightmass-Networking.dll (0:00.21 at +2:46)
     Creating library C:\UnrealEngine-4.19.2-release\UnrealEngine-4.19.2-release\Engine\Intermediate\Build\Win64\UnrealLightmass\Development\UnrealLightmass-Networking.suppressed.lib and object C:\UnrealEngine-4.19.2-release\UnrealEngine-4.19.2-release\Engine\Intermediate\Build\Win64\UnrealLightmass\Development\UnrealLightmass-Networking.suppressed.exp
  UnrealLightmass-ApplicationCore.dll (0:00.21 at +2:46)
     Creating library C:\UnrealEngine-4.19.2-release\UnrealEngine-4.19.2-release\Engine\Intermediate\Build\Win64\UnrealLightmass\Development\UnrealLightmass-ApplicationCore.suppressed.lib and object C:\UnrealEngine-4.19.2-release\UnrealEngine-4.19.2-release\Engine\Intermediate\Build\Win64\UnrealLightmass\Development\UnrealLightmass-ApplicationCore.suppressed.exp
  UnrealLightmass-Projects.dll (0:00.21 at +2:47)
     Creating library C:\UnrealEngine-4.19.2-release\UnrealEngine-4.19.2-release\Engine\Intermediate\Build\Win64\UnrealLightmass\Development\UnrealLightmass-Projects.suppressed.lib and object C:\UnrealEngine-4.19.2-release\UnrealEngine-4.19.2-release\Engine\Intermediate\Build\Win64\UnrealLightmass\Development\UnrealLightmass-Projects.suppressed.exp
  UnrealLightmass-Messaging.dll (0:00.21 at +2:47)
     Creating library C:\UnrealEngine-4.19.2-release\UnrealEngine-4.19.2-release\Engine\Intermediate\Build\Win64\UnrealLightmass\Development\UnrealLightmass-Messaging.suppressed.lib and object C:\UnrealEngine-4.19.2-release\UnrealEngine-4.19.2-release\Engine\Intermediate\Build\Win64\UnrealLightmass\Development\UnrealLightmass-Messaging.suppressed.exp
  UnrealLightmass-Json.dll (0:00.20 at +2:47)
     Creating library C:\UnrealEngine-4.19.2-release\UnrealEngine-4.19.2-release\Engine\Intermediate\Build\Win64\UnrealLightmass\Development\UnrealLightmass-Json.suppressed.lib and object C:\UnrealEngine-4.19.2-release\UnrealEngine-4.19.2-release\Engine\Intermediate\Build\Win64\UnrealLightmass\Development\UnrealLightmass-Json.suppressed.exp
  UnrealLightmass-SandboxFile.dll (0:00.18 at +2:47)
     Creating library C:\UnrealEngine-4.19.2-release\UnrealEngine-4.19.2-release\Engine\Intermediate\Build\Win64\UnrealLightmass\Development\UnrealLightmass-SandboxFile.suppressed.lib and object C:\UnrealEngine-4.19.2-release\UnrealEngine-4.19.2-release\Engine\Intermediate\Build\Win64\UnrealLightmass\Development\UnrealLightmass-SandboxFile.suppressed.exp
  UnrealLightmass.lib (0:00.14 at +2:48)
     Creating library C:\UnrealEngine-4.19.2-release\UnrealEngine-4.19.2-release\Engine\Intermediate\Build\Win64\UnrealLightmass\Development\UnrealLightmass.lib and object C:\UnrealEngine-4.19.2-release\UnrealEngine-4.19.2-release\Engine\Intermediate\Build\Win64\UnrealLightmass\Development\UnrealLightmass.exp
  UnrealLightmass-UdpMessaging.lib (0:00.09 at +2:48)
     Creating library C:\UnrealEngine-4.19.2-release\UnrealEngine-4.19.2-release\Engine\Plugins\Messaging\UdpMessaging\Intermediate\Build\Win64\UnrealLightmass\Development\UnrealLightmass-UdpMessaging.lib and object C:\UnrealEngine-4.19.2-release\UnrealEngine-4.19.2-release\Engine\Plugins\Messaging\UdpMessaging\Intermediate\Build\Win64\UnrealLightmass\Development\UnrealLightmass-UdpMessaging.exp
  ---------------------- Done ----------------------
   
      Rebuild All: 1 succeeded, 0 failed, 0 skipped
   
  1 build system warning(s):
     - License is invalid
   
  
  
  Deploying UnrealLightmass Win64 Development...
  Total build time: 173.83 seconds (XGE executor: 168.52 seconds)
