C:\Program Files (x86)\Microsoft Visual Studio\2017\Community\Common7\IDE\VC\VCTargets\Microsoft.Cpp.props(31,3): warning MSB4011: "C:\Program Files (x86)\Microsoft Visual Studio\2017\Community\Common7\IDE\VC\VCTargets\Microsoft.Makefile.props" cannot be imported again. It was already imported at "C:\Program Files (x86)\MSBuild\Microsoft.Cpp\v4.0\V140\Microsoft.cpp.props (31,3)". This is most likely a build authoring error. This subsequent import will be ignored. [C:\Users\fuzzyblackpanda\Documents\Unreal Projects\Thrill Ride Spill\AI Projects\Shooting AI\Intermediate\ProjectFiles\TestPAL.vcxproj]
C:\Program Files (x86)\Microsoft Visual Studio\2017\Community\Common7\IDE\VC\VCTargets\Microsoft.Cpp.props(31,3): warning MSB4011: "C:\Program Files (x86)\Microsoft Visual Studio\2017\Community\Common7\IDE\VC\VCTargets\Microsoft.Makefile.props" cannot be imported again. It was already imported at "C:\Program Files (x86)\MSBuild\Microsoft.Cpp\v4.0\V140\Microsoft.cpp.props (31,3)". This is most likely a build authoring error. This subsequent import will be ignored. [C:\Users\fuzzyblackpanda\Documents\Unreal Projects\Thrill Ride Spill\AI Projects\Shooting AI\Intermediate\ProjectFiles\ShaderCompileWorker.vcxproj]
C:\Program Files (x86)\Microsoft Visual Studio\2017\Community\Common7\IDE\VC\VCTargets\Microsoft.Cpp.props(31,3): warning MSB4011: "C:\Program Files (x86)\Microsoft Visual Studio\2017\Community\Common7\IDE\VC\VCTargets\Microsoft.Makefile.props" cannot be imported again. It was already imported at "C:\Program Files (x86)\MSBuild\Microsoft.Cpp\v4.0\V140\Microsoft.cpp.props (31,3)". This is most likely a build authoring error. This subsequent import will be ignored. [C:\Users\fuzzyblackpanda\Documents\Unreal Projects\Thrill Ride Spill\AI Projects\Shooting AI\Intermediate\ProjectFiles\SymbolDebugger.vcxproj]
C:\Program Files (x86)\Microsoft Visual Studio\2017\Community\Common7\IDE\VC\VCTargets\Microsoft.Cpp.props(31,3): warning MSB4011: "C:\Program Files (x86)\Microsoft Visual Studio\2017\Community\Common7\IDE\VC\VCTargets\Microsoft.Makefile.props" cannot be imported again. It was already imported at "C:\Program Files (x86)\MSBuild\Microsoft.Cpp\v4.0\V140\Microsoft.cpp.props (31,3)". This is most likely a build authoring error. This subsequent import will be ignored. [C:\Users\fuzzyblackpanda\Documents\Unreal Projects\Thrill Ride Spill\AI Projects\Shooting AI\Intermediate\ProjectFiles\UnrealCEFSubProcess.vcxproj]
C:\Program Files (x86)\Microsoft Visual Studio\2017\Community\Common7\IDE\VC\VCTargets\Microsoft.Cpp.props(31,3): warning MSB4011: "C:\Program Files (x86)\Microsoft Visual Studio\2017\Community\Common7\IDE\VC\VCTargets\Microsoft.Makefile.props" cannot be imported again. It was already imported at "C:\Program Files (x86)\MSBuild\Microsoft.Cpp\v4.0\V140\Microsoft.cpp.props (31,3)". This is most likely a build authoring error. This subsequent import will be ignored. [C:\Users\fuzzyblackpanda\Documents\Unreal Projects\Thrill Ride Spill\AI Projects\Shooting AI\Intermediate\ProjectFiles\UnrealFrontend.vcxproj]
C:\Program Files (x86)\Microsoft Visual Studio\2017\Community\Common7\IDE\VC\VCTargets\Microsoft.Cpp.props(31,3): warning MSB4011: "C:\Program Files (x86)\Microsoft Visual Studio\2017\Community\Common7\IDE\VC\VCTargets\Microsoft.Makefile.props" cannot be imported again. It was already imported at "C:\Program Files (x86)\MSBuild\Microsoft.Cpp\v4.0\V140\Microsoft.cpp.props (31,3)". This is most likely a build authoring error. This subsequent import will be ignored. [C:\Users\fuzzyblackpanda\Documents\Unreal Projects\Thrill Ride Spill\AI Projects\Shooting AI\Intermediate\ProjectFiles\UnrealHeaderTool.vcxproj]
C:\Program Files (x86)\Microsoft Visual Studio\2017\Community\Common7\IDE\VC\VCTargets\Microsoft.Cpp.props(31,3): warning MSB4011: "C:\Program Files (x86)\Microsoft Visual Studio\2017\Community\Common7\IDE\VC\VCTargets\Microsoft.Makefile.props" cannot be imported again. It was already imported at "C:\Program Files (x86)\MSBuild\Microsoft.Cpp\v4.0\V140\Microsoft.cpp.props (31,3)". This is most likely a build authoring error. This subsequent import will be ignored. [C:\Users\fuzzyblackpanda\Documents\Unreal Projects\Thrill Ride Spill\AI Projects\Shooting AI\Intermediate\ProjectFiles\UnrealLightmass.vcxproj]
C:\Program Files (x86)\Microsoft Visual Studio\2017\Community\Common7\IDE\VC\VCTargets\Microsoft.Cpp.props(31,3): warning MSB4011: "C:\Program Files (x86)\Microsoft Visual Studio\2017\Community\Common7\IDE\VC\VCTargets\Microsoft.Makefile.props" cannot be imported again. It was already imported at "C:\Program Files (x86)\MSBuild\Microsoft.Cpp\v4.0\V140\Microsoft.cpp.props (31,3)". This is most likely a build authoring error. This subsequent import will be ignored. [C:\Users\fuzzyblackpanda\Documents\Unreal Projects\Thrill Ride Spill\AI Projects\Shooting AI\Intermediate\ProjectFiles\UnrealPak.vcxproj]
C:\Program Files (x86)\Microsoft Visual Studio\2017\Community\Common7\IDE\VC\VCTargets\Microsoft.Cpp.props(31,3): warning MSB4011: "C:\Program Files (x86)\Microsoft Visual Studio\2017\Community\Common7\IDE\VC\VCTargets\Microsoft.Makefile.props" cannot be imported again. It was already imported at "C:\Program Files (x86)\MSBuild\Microsoft.Cpp\v4.0\V140\Microsoft.cpp.props (31,3)". This is most likely a build authoring error. This subsequent import will be ignored. [C:\Users\fuzzyblackpanda\Documents\Unreal Projects\Thrill Ride Spill\AI Projects\Shooting AI\Intermediate\ProjectFiles\UnrealVersionSelector.vcxproj]
C:\Program Files (x86)\Microsoft Visual Studio\2017\Community\Common7\IDE\VC\VCTargets\Microsoft.Cpp.props(31,3): warning MSB4011: "C:\Program Files (x86)\Microsoft Visual Studio\2017\Community\Common7\IDE\VC\VCTargets\Microsoft.Makefile.props" cannot be imported again. It was already imported at "C:\Program Files (x86)\MSBuild\Microsoft.Cpp\v4.0\V140\Microsoft.cpp.props (31,3)". This is most likely a build authoring error. This subsequent import will be ignored. [C:\Users\fuzzyblackpanda\Documents\Unreal Projects\Thrill Ride Spill\AI Projects\Shooting AI\Intermediate\ProjectFiles\UnrealFileServer.vcxproj]
C:\Program Files (x86)\Microsoft Visual Studio\2017\Community\Common7\IDE\VC\VCTargets\Microsoft.Cpp.props(31,3): warning MSB4011: "C:\Program Files (x86)\Microsoft Visual Studio\2017\Community\Common7\IDE\VC\VCTargets\Microsoft.Makefile.props" cannot be imported again. It was already imported at "C:\Program Files (x86)\MSBuild\Microsoft.Cpp\v4.0\V140\Microsoft.cpp.props (31,3)". This is most likely a build authoring error. This subsequent import will be ignored. [C:\Users\fuzzyblackpanda\Documents\Unreal Projects\Thrill Ride Spill\AI Projects\Shooting AI\Intermediate\ProjectFiles\UnrealWatchdog.vcxproj]
C:\Program Files (x86)\Microsoft Visual Studio\2017\Community\Common7\IDE\VC\VCTargets\Microsoft.Cpp.props(31,3): warning MSB4011: "C:\Program Files (x86)\Microsoft Visual Studio\2017\Community\Common7\IDE\VC\VCTargets\Microsoft.Makefile.props" cannot be imported again. It was already imported at "C:\Program Files (x86)\MSBuild\Microsoft.Cpp\v4.0\V140\Microsoft.cpp.props (31,3)". This is most likely a build authoring error. This subsequent import will be ignored. [C:\Users\fuzzyblackpanda\Documents\Unreal Projects\Thrill Ride Spill\AI Projects\Shooting AI\Intermediate\ProjectFiles\BootstrapPackagedGame.vcxproj]
C:\Program Files (x86)\Microsoft Visual Studio\2017\Community\Common7\IDE\VC\VCTargets\Microsoft.Cpp.props(31,3): warning MSB4011: "C:\Program Files (x86)\Microsoft Visual Studio\2017\Community\Common7\IDE\VC\VCTargets\Microsoft.Makefile.props" cannot be imported again. It was already imported at "C:\Program Files (x86)\MSBuild\Microsoft.Cpp\v4.0\V140\Microsoft.cpp.props (31,3)". This is most likely a build authoring error. This subsequent import will be ignored. [C:\Users\fuzzyblackpanda\Documents\Unreal Projects\Thrill Ride Spill\AI Projects\Shooting AI\Intermediate\ProjectFiles\BlankProgram.vcxproj]
C:\Program Files (x86)\Microsoft Visual Studio\2017\Community\Common7\IDE\VC\VCTargets\Microsoft.Cpp.props(31,3): warning MSB4011: "C:\Program Files (x86)\Microsoft Visual Studio\2017\Community\Common7\IDE\VC\VCTargets\Microsoft.Makefile.props" cannot be imported again. It was already imported at "C:\Program Files (x86)\MSBuild\Microsoft.Cpp\v4.0\V140\Microsoft.cpp.props (31,3)". This is most likely a build authoring error. This subsequent import will be ignored. [C:\Users\fuzzyblackpanda\Documents\Unreal Projects\Thrill Ride Spill\AI Projects\Shooting AI\Intermediate\ProjectFiles\BuildPatchTool.vcxproj]
C:\Program Files (x86)\Microsoft Visual Studio\2017\Community\Common7\IDE\VC\VCTargets\Microsoft.Cpp.props(31,3): warning MSB4011: "C:\Program Files (x86)\Microsoft Visual Studio\2017\Community\Common7\IDE\VC\VCTargets\Microsoft.Makefile.props" cannot be imported again. It was already imported at "C:\Program Files (x86)\MSBuild\Microsoft.Cpp\v4.0\V140\Microsoft.cpp.props (31,3)". This is most likely a build authoring error. This subsequent import will be ignored. [C:\Users\fuzzyblackpanda\Documents\Unreal Projects\Thrill Ride Spill\AI Projects\Shooting AI\Intermediate\ProjectFiles\CrashReportClient.vcxproj]
C:\Program Files (x86)\Microsoft Visual Studio\2017\Community\Common7\IDE\VC\VCTargets\Microsoft.Cpp.props(31,3): warning MSB4011: "C:\Program Files (x86)\Microsoft Visual Studio\2017\Community\Common7\IDE\VC\VCTargets\Microsoft.Makefile.props" cannot be imported again. It was already imported at "C:\Program Files (x86)\MSBuild\Microsoft.Cpp\v4.0\V140\Microsoft.cpp.props (31,3)". This is most likely a build authoring error. This subsequent import will be ignored. [C:\Users\fuzzyblackpanda\Documents\Unreal Projects\Thrill Ride Spill\AI Projects\Shooting AI\Intermediate\ProjectFiles\MinidumpDiagnostics.vcxproj]
C:\Program Files (x86)\Microsoft Visual Studio\2017\Community\Common7\IDE\VC\VCTargets\Microsoft.Cpp.props(31,3): warning MSB4011: "C:\Program Files (x86)\Microsoft Visual Studio\2017\Community\Common7\IDE\VC\VCTargets\Microsoft.Makefile.props" cannot be imported again. It was already imported at "C:\Program Files (x86)\MSBuild\Microsoft.Cpp\v4.0\V140\Microsoft.cpp.props (31,3)". This is most likely a build authoring error. This subsequent import will be ignored. [C:\Users\fuzzyblackpanda\Documents\Unreal Projects\Thrill Ride Spill\AI Projects\Shooting AI\Intermediate\ProjectFiles\SlateViewer.vcxproj]
  Creating makefile for UnrealCEFSubProcess (no existing makefile)
  Performing full C++ include scan (no include cache file)
  Distributing 18 actions to XGE
  --------------------Build System Warning---------------------------------------
  License is invalid:
      License information is invalid. Please try reloading your license file using the Coordinator Monitor application on the Coordinator machine, or reinstall IncrediBuild.
      This build will run in standalone mode.
  
  -------------------------------------------------------------------------------
  --------------------Project: Default-------------------------------------------
  PCH.Core.cpp (0:01.93 at +0:00)
  SharedPCH.Core.cpp (0:02.39 at +0:01)
  Module.Projects.cpp (0:02.31 at +0:04)
  Module.Json.cpp (0:07.23 at +0:06)
  Module.ApplicationCore.cpp (0:02.39 at +0:13)
  Module.Core.9_of_9.cpp (0:01.81 at +0:16)
  Module.Core.8_of_9.cpp (0:08.12 at +0:18)
  Module.Core.7_of_9.cpp (0:05.65 at +0:26)
  Module.Core.6_of_9.cpp (0:04.45 at +0:32)
  Module.Core.5_of_9.cpp (0:05.32 at +0:36)
  Module.Core.4_of_9.cpp (0:02.40 at +0:41)
  Module.Core.3_of_9.cpp (0:07.78 at +0:44)
  Module.Core.2_of_9.cpp (0:03.71 at +0:52)
  Module.Core.1_of_9.cpp (0:07.34 at +0:55)
  Module.UnrealCEFSubProcess.cpp (0:02.56 at +1:03)
  Module.CEF3Utils.cpp (0:00.23 at +1:05)
  UnrealCEFSubProcess.rc (0:00.25 at +1:06)
  UnrealCEFSubProcess-Win64-Development.exe (0:01.82 at +1:06)
     Creating library C:\UnrealEngine-4.19.2-release\UnrealEngine-4.19.2-release\Engine\Binaries\Win64\UnrealCEFSubProcess-Win64-Development.lib and object C:\UnrealEngine-4.19.2-release\UnrealEngine-4.19.2-release\Engine\Binaries\Win64\UnrealCEFSubProcess-Win64-Development.exp
  ---------------------- Done ----------------------
   
      Rebuild All: 1 succeeded, 0 failed, 0 skipped
   
  1 build system warning(s):
     - License is invalid
   
  
  
  Deploying UnrealCEFSubProcess Win64 Development...
  Total build time: 70.16 seconds (XGE executor: 68.40 seconds)
