C:\Program Files (x86)\Microsoft Visual Studio\2017\Community\Common7\IDE\VC\VCTargets\Microsoft.Cpp.props(31,3): warning MSB4011: "C:\Program Files (x86)\Microsoft Visual Studio\2017\Community\Common7\IDE\VC\VCTargets\Microsoft.Makefile.props" cannot be imported again. It was already imported at "C:\Program Files (x86)\MSBuild\Microsoft.Cpp\v4.0\V140\Microsoft.cpp.props (31,3)". This is most likely a build authoring error. This subsequent import will be ignored. [C:\Users\fuzzyblackpanda\Documents\Unreal Projects\Thrill Ride Spill\AI Projects\Shooting AI\Intermediate\ProjectFiles\UnrealLightmass.vcxproj]
C:\Program Files (x86)\Microsoft Visual Studio\2017\Community\Common7\IDE\VC\VCTargets\Microsoft.Cpp.props(31,3): warning MSB4011: "C:\Program Files (x86)\Microsoft Visual Studio\2017\Community\Common7\IDE\VC\VCTargets\Microsoft.Makefile.props" cannot be imported again. It was already imported at "C:\Program Files (x86)\MSBuild\Microsoft.Cpp\v4.0\V140\Microsoft.cpp.props (31,3)". This is most likely a build authoring error. This subsequent import will be ignored. [C:\Users\fuzzyblackpanda\Documents\Unreal Projects\Thrill Ride Spill\AI Projects\Shooting AI\Intermediate\ProjectFiles\UnrealPak.vcxproj]
C:\Program Files (x86)\Microsoft Visual Studio\2017\Community\Common7\IDE\VC\VCTargets\Microsoft.Cpp.props(31,3): warning MSB4011: "C:\Program Files (x86)\Microsoft Visual Studio\2017\Community\Common7\IDE\VC\VCTargets\Microsoft.Makefile.props" cannot be imported again. It was already imported at "C:\Program Files (x86)\MSBuild\Microsoft.Cpp\v4.0\V140\Microsoft.cpp.props (31,3)". This is most likely a build authoring error. This subsequent import will be ignored. [C:\Users\fuzzyblackpanda\Documents\Unreal Projects\Thrill Ride Spill\AI Projects\Shooting AI\Intermediate\ProjectFiles\UnrealVersionSelector.vcxproj]
C:\Program Files (x86)\Microsoft Visual Studio\2017\Community\Common7\IDE\VC\VCTargets\Microsoft.Cpp.props(31,3): warning MSB4011: "C:\Program Files (x86)\Microsoft Visual Studio\2017\Community\Common7\IDE\VC\VCTargets\Microsoft.Makefile.props" cannot be imported again. It was already imported at "C:\Program Files (x86)\MSBuild\Microsoft.Cpp\v4.0\V140\Microsoft.cpp.props (31,3)". This is most likely a build authoring error. This subsequent import will be ignored. [C:\Users\fuzzyblackpanda\Documents\Unreal Projects\Thrill Ride Spill\AI Projects\Shooting AI\Intermediate\ProjectFiles\UnrealFileServer.vcxproj]
C:\Program Files (x86)\Microsoft Visual Studio\2017\Community\Common7\IDE\VC\VCTargets\Microsoft.Cpp.props(31,3): warning MSB4011: "C:\Program Files (x86)\Microsoft Visual Studio\2017\Community\Common7\IDE\VC\VCTargets\Microsoft.Makefile.props" cannot be imported again. It was already imported at "C:\Program Files (x86)\MSBuild\Microsoft.Cpp\v4.0\V140\Microsoft.cpp.props (31,3)". This is most likely a build authoring error. This subsequent import will be ignored. [C:\Users\fuzzyblackpanda\Documents\Unreal Projects\Thrill Ride Spill\AI Projects\Shooting AI\Intermediate\ProjectFiles\UnrealWatchdog.vcxproj]
C:\Program Files (x86)\Microsoft Visual Studio\2017\Community\Common7\IDE\VC\VCTargets\Microsoft.Cpp.props(31,3): warning MSB4011: "C:\Program Files (x86)\Microsoft Visual Studio\2017\Community\Common7\IDE\VC\VCTargets\Microsoft.Makefile.props" cannot be imported again. It was already imported at "C:\Program Files (x86)\MSBuild\Microsoft.Cpp\v4.0\V140\Microsoft.cpp.props (31,3)". This is most likely a build authoring error. This subsequent import will be ignored. [C:\Users\fuzzyblackpanda\Documents\Unreal Projects\Thrill Ride Spill\AI Projects\Shooting AI\Intermediate\ProjectFiles\BootstrapPackagedGame.vcxproj]
C:\Program Files (x86)\Microsoft Visual Studio\2017\Community\Common7\IDE\VC\VCTargets\Microsoft.Cpp.props(31,3): warning MSB4011: "C:\Program Files (x86)\Microsoft Visual Studio\2017\Community\Common7\IDE\VC\VCTargets\Microsoft.Makefile.props" cannot be imported again. It was already imported at "C:\Program Files (x86)\MSBuild\Microsoft.Cpp\v4.0\V140\Microsoft.cpp.props (31,3)". This is most likely a build authoring error. This subsequent import will be ignored. [C:\Users\fuzzyblackpanda\Documents\Unreal Projects\Thrill Ride Spill\AI Projects\Shooting AI\Intermediate\ProjectFiles\BlankProgram.vcxproj]
C:\Program Files (x86)\Microsoft Visual Studio\2017\Community\Common7\IDE\VC\VCTargets\Microsoft.Cpp.props(31,3): warning MSB4011: "C:\Program Files (x86)\Microsoft Visual Studio\2017\Community\Common7\IDE\VC\VCTargets\Microsoft.Makefile.props" cannot be imported again. It was already imported at "C:\Program Files (x86)\MSBuild\Microsoft.Cpp\v4.0\V140\Microsoft.cpp.props (31,3)". This is most likely a build authoring error. This subsequent import will be ignored. [C:\Users\fuzzyblackpanda\Documents\Unreal Projects\Thrill Ride Spill\AI Projects\Shooting AI\Intermediate\ProjectFiles\BuildPatchTool.vcxproj]
C:\Program Files (x86)\Microsoft Visual Studio\2017\Community\Common7\IDE\VC\VCTargets\Microsoft.Cpp.props(31,3): warning MSB4011: "C:\Program Files (x86)\Microsoft Visual Studio\2017\Community\Common7\IDE\VC\VCTargets\Microsoft.Makefile.props" cannot be imported again. It was already imported at "C:\Program Files (x86)\MSBuild\Microsoft.Cpp\v4.0\V140\Microsoft.cpp.props (31,3)". This is most likely a build authoring error. This subsequent import will be ignored. [C:\Users\fuzzyblackpanda\Documents\Unreal Projects\Thrill Ride Spill\AI Projects\Shooting AI\Intermediate\ProjectFiles\CrashReportClient.vcxproj]
C:\Program Files (x86)\Microsoft Visual Studio\2017\Community\Common7\IDE\VC\VCTargets\Microsoft.Cpp.props(31,3): warning MSB4011: "C:\Program Files (x86)\Microsoft Visual Studio\2017\Community\Common7\IDE\VC\VCTargets\Microsoft.Makefile.props" cannot be imported again. It was already imported at "C:\Program Files (x86)\MSBuild\Microsoft.Cpp\v4.0\V140\Microsoft.cpp.props (31,3)". This is most likely a build authoring error. This subsequent import will be ignored. [C:\Users\fuzzyblackpanda\Documents\Unreal Projects\Thrill Ride Spill\AI Projects\Shooting AI\Intermediate\ProjectFiles\MinidumpDiagnostics.vcxproj]
C:\Program Files (x86)\Microsoft Visual Studio\2017\Community\Common7\IDE\VC\VCTargets\Microsoft.Cpp.props(31,3): warning MSB4011: "C:\Program Files (x86)\Microsoft Visual Studio\2017\Community\Common7\IDE\VC\VCTargets\Microsoft.Makefile.props" cannot be imported again. It was already imported at "C:\Program Files (x86)\MSBuild\Microsoft.Cpp\v4.0\V140\Microsoft.cpp.props (31,3)". This is most likely a build authoring error. This subsequent import will be ignored. [C:\Users\fuzzyblackpanda\Documents\Unreal Projects\Thrill Ride Spill\AI Projects\Shooting AI\Intermediate\ProjectFiles\SlateViewer.vcxproj]
  Creating makefile for UnrealVersionSelector (no existing makefile)
  Performing full C++ include scan (no include cache file)
  Distributing 18 actions to XGE
  --------------------Build System Warning---------------------------------------
  License is invalid:
      License information is invalid. Please try reloading your license file using the Coordinator Monitor application on the Coordinator machine, or reinstall IncrediBuild.
      This build will run in standalone mode.
  
  -------------------------------------------------------------------------------
  --------------------Project: Default-------------------------------------------
  PCH.Core.cpp (0:02.60 at +0:00)
  SharedPCH.Core.cpp (0:02.68 at +0:02)
  Module.ApplicationCore.cpp (0:02.28 at +0:05)
  Module.Projects.cpp (0:02.31 at +0:07)
  Module.Json.cpp (0:07.14 at +0:09)
  Module.Core.9_of_9.cpp (0:01.75 at +0:17)
  Module.Core.8_of_9.cpp (0:05.92 at +0:18)
  Module.Core.7_of_9.cpp (0:09.73 at +0:24)
  Module.Core.6_of_9.cpp (0:04.50 at +0:34)
  Module.Core.5_of_9.cpp (0:05.37 at +0:39)
  Module.Core.4_of_9.cpp (0:02.56 at +0:44)
  Module.Core.3_of_9.cpp (0:07.07 at +0:47)
  Module.Core.2_of_9.cpp (0:02.70 at +0:54)
  Module.Core.1_of_9.cpp (0:07.25 at +0:56)
  Module.UnrealVersionSelector.cpp (0:01.50 at +1:04)
  Module.DesktopPlatform.cpp (0:04.71 at +1:05)
  Resource.rc (0:00.20 at +1:10)
  UnrealVersionSelector.exe (0:00.98 at +1:10)
     Creating library C:\UnrealEngine-4.19.2-release\UnrealEngine-4.19.2-release\Engine\Binaries\Win64\UnrealVersionSelector.lib and object C:\UnrealEngine-4.19.2-release\UnrealEngine-4.19.2-release\Engine\Binaries\Win64\UnrealVersionSelector.exp
  ---------------------- Done ----------------------
   
      Rebuild All: 1 succeeded, 0 failed, 0 skipped
   
  1 build system warning(s):
     - License is invalid
   
  
  
  Deploying UnrealVersionSelector Win64 Development...
  Total build time: 74.37 seconds (XGE executor: 71.89 seconds)
